d:\git\howkteam\howkteam_cpp\howkteam\x64\debug\vc143.pdb
d:\git\howkteam\howkteam_cpp\howkteam\x64\debug\vc143.idb
d:\git\howkteam\howkteam_cpp\howkteam\x64\debug\hello_world.obj
d:\git\howkteam\howkteam_cpp\howkteam\x64\debug\demo.obj
d:\git\howkteam\howkteam_cpp\howkteam\x64\debug\string_split.obj
d:\git\howkteam\howkteam_cpp\howkteam\x64\debug\struct_in_cpp.obj
d:\git\howkteam\howkteam_cpp\howkteam\x64\debug\login_app.obj
d:\git\howkteam\howkteam_cpp\howkteam\x64\debug\50.obj
d:\git\howkteam\howkteam_cpp\howkteam\x64\debug\59.2.obj
d:\git\howkteam\howkteam_cpp\x64\debug\howkteam.exe
d:\git\howkteam\howkteam_cpp\howkteam\x64\debug\howkteam.ilk
d:\git\howkteam\howkteam_cpp\x64\debug\howkteam.pdb
d:\git\howkteam\howkteam_cpp\howkteam\x64\debug\howkteam.obj
d:\git\howkteam\howkteam_cpp\howkteam\x64\debug\lecture02.obj
d:\git\howkteam\howkteam_cpp\howkteam\x64\debug\howkteam.tlog\cl.command.1.tlog
d:\git\howkteam\howkteam_cpp\howkteam\x64\debug\howkteam.tlog\cl.read.1.tlog
d:\git\howkteam\howkteam_cpp\howkteam\x64\debug\howkteam.tlog\cl.write.1.tlog
d:\git\howkteam\howkteam_cpp\howkteam\x64\debug\howkteam.tlog\link.command.1.tlog
d:\git\howkteam\howkteam_cpp\howkteam\x64\debug\howkteam.tlog\link.read.1.tlog
d:\git\howkteam\howkteam_cpp\howkteam\x64\debug\howkteam.tlog\link.write.1.tlog
